<?xml version="1.0" encoding="UTF-8"?>
<!-- Generated by org.testng.reporters.JUnitXMLReporter -->
<testsuite hostname="sandeep" ignored="0" name="exampletest1" tests="5" failures="0" timestamp="2020-06-27T20:13:16 IST" time="0.53" errors="0">
  <testcase name="test1" time="0.008" classname="rest.Demo"/>
  <testcase name="test2" time="0.012" classname="rest.Demo"/>
  <testcase name="test7" time="0.008" classname="rest.Demo"/>
  <testcase name="test8" time="0.01" classname="rest.Demo"/>
  <testcase name="test5" time="0.017" classname="rest.Demo"/>
</testsuite> <!-- exampletest1 -->
